[ 2016-12-13T10:12:34+08:00 ] ::1 /PigpishCat/Admin/Orderlists/index.html
ERR: 1146:Table 'piggishcat.pc_orderlists' doesn't exist
 [ SQL语句 ] : SHOW COLUMNS FROM `pc_orderlists`

[ 2016-12-13T10:13:11+08:00 ] ::1 /PigpishCat/Admin/Orderlists/index.html
ERR: Call to undefined function Admin\Controller\display()

[ 2016-12-13T10:13:12+08:00 ] ::1 /PigpishCat/Admin/Orderlists/index.html
ERR: Call to undefined function Admin\Controller\display()

[ 2016-12-13T10:13:12+08:00 ] ::1 /PigpishCat/Admin/Orderlists/index.html
ERR: Call to undefined function Admin\Controller\display()

[ 2016-12-13T10:13:13+08:00 ] ::1 /PigpishCat/Admin/Orderlists/index.html
ERR: Call to undefined function Admin\Controller\display()

[ 2016-12-13T10:13:30+08:00 ] ::1 /PigpishCat/Admin/Orderlists/index.html
ERR: Call to undefined function Admin\Controller\display()

[ 2016-12-13T10:13:31+08:00 ] ::1 /PigpishCat/Admin/Orderlists/index.html
ERR: Call to undefined function Admin\Controller\display()

[ 2016-12-13T10:13:31+08:00 ] ::1 /PigpishCat/Admin/Orderlists/index.html
ERR: Call to undefined function Admin\Controller\display()

[ 2016-12-13T10:13:31+08:00 ] ::1 /PigpishCat/Admin/Orderlists/index.html
ERR: Call to undefined function Admin\Controller\display()

[ 2016-12-13T10:13:31+08:00 ] ::1 /PigpishCat/Admin/Orderlists/index.html
ERR: Call to undefined function Admin\Controller\display()

[ 2016-12-13T10:13:31+08:00 ] ::1 /PigpishCat/Admin/Orderlists/index.html
ERR: Call to undefined function Admin\Controller\display()

[ 2016-12-13T10:15:58+08:00 ] ::1 /PigpishCat/Admin/Orderlists/index.html
ERR: Call to undefined function Admin\Controller\display()

[ 2016-12-13T10:20:07+08:00 ] ::1 /PigpishCat/Admin/Orderlists/index.html
ERR: 1146:Table 'piggishcat.pc_orderlists' doesn't exist
 [ SQL语句 ] : SHOW COLUMNS FROM `pc_orderlists`

[ 2016-12-13T10:20:08+08:00 ] ::1 /PigpishCat/Admin/Orderlists/index.html
ERR: 1146:Table 'piggishcat.pc_orderlists' doesn't exist
 [ SQL语句 ] : SHOW COLUMNS FROM `pc_orderlists`

[ 2016-12-13T10:20:08+08:00 ] ::1 /PigpishCat/Admin/Orderlists/index.html
ERR: 1146:Table 'piggishcat.pc_orderlists' doesn't exist
 [ SQL语句 ] : SHOW COLUMNS FROM `pc_orderlists`

[ 2016-12-13T10:20:09+08:00 ] ::1 /PigpishCat/Admin/Orderlists/index.html
ERR: 1146:Table 'piggishcat.pc_orderlists' doesn't exist
 [ SQL语句 ] : SHOW COLUMNS FROM `pc_orderlists`

[ 2016-12-13T10:20:09+08:00 ] ::1 /PigpishCat/Admin/Orderlists/index.html
ERR: 1146:Table 'piggishcat.pc_orderlists' doesn't exist
 [ SQL语句 ] : SHOW COLUMNS FROM `pc_orderlists`

[ 2016-12-13T10:20:09+08:00 ] ::1 /PigpishCat/Admin/Orderlists/index.html
ERR: 1146:Table 'piggishcat.pc_orderlists' doesn't exist
 [ SQL语句 ] : SHOW COLUMNS FROM `pc_orderlists`

[ 2016-12-13T10:20:09+08:00 ] ::1 /PigpishCat/Admin/Orderlists/index.html
ERR: 1146:Table 'piggishcat.pc_orderlists' doesn't exist
 [ SQL语句 ] : SHOW COLUMNS FROM `pc_orderlists`

[ 2016-12-13T10:20:09+08:00 ] ::1 /PigpishCat/Admin/Orderlists/index.html
ERR: 1146:Table 'piggishcat.pc_orderlists' doesn't exist
 [ SQL语句 ] : SHOW COLUMNS FROM `pc_orderlists`

[ 2016-12-13T10:20:09+08:00 ] ::1 /PigpishCat/Admin/Orderlists/index.html
ERR: 1146:Table 'piggishcat.pc_orderlists' doesn't exist
 [ SQL语句 ] : SHOW COLUMNS FROM `pc_orderlists`

[ 2016-12-13T10:20:10+08:00 ] ::1 /PigpishCat/Admin/Orderlists/index.html
ERR: 1146:Table 'piggishcat.pc_orderlists' doesn't exist
 [ SQL语句 ] : SHOW COLUMNS FROM `pc_orderlists`

[ 2016-12-13T10:20:10+08:00 ] ::1 /PigpishCat/Admin/Orderlists/index.html
ERR: 1146:Table 'piggishcat.pc_orderlists' doesn't exist
 [ SQL语句 ] : SHOW COLUMNS FROM `pc_orderlists`

[ 2016-12-13T10:24:08+08:00 ] ::1 /PigpishCat/Admin/Orderlists/index.html
ERR: Call to undefined function Admin\Controller\display()

[ 2016-12-13T10:24:55+08:00 ] ::1 /PigpishCat/Admin/Orderlists/index.html
ERR: Call to undefined function Admin\Controller\display()

[ 2016-12-13T10:25:07+08:00 ] ::1 /PigpishCat/Admin/Orderlists/index.html
ERR: Call to undefined function Admin\Controller\display()

[ 2016-12-13T10:25:07+08:00 ] ::1 /PigpishCat/Admin/Orderlists/index.html
ERR: Call to undefined function Admin\Controller\display()

[ 2016-12-13T10:25:08+08:00 ] ::1 /PigpishCat/Admin/Orderlists/index.html
ERR: Call to undefined function Admin\Controller\display()

[ 2016-12-13T10:25:08+08:00 ] ::1 /PigpishCat/Admin/Orderlists/index.html
ERR: Call to undefined function Admin\Controller\display()

[ 2016-12-13T10:25:08+08:00 ] ::1 /PigpishCat/Admin/Orderlists/index.html
ERR: Call to undefined function Admin\Controller\display()

[ 2016-12-13T10:25:08+08:00 ] ::1 /PigpishCat/Admin/Orderlists/index.html
ERR: Call to undefined function Admin\Controller\display()

[ 2016-12-13T10:25:08+08:00 ] ::1 /PigpishCat/Admin/Orderlists/index.html
ERR: Call to undefined function Admin\Controller\display()

[ 2016-12-13T10:25:08+08:00 ] ::1 /PigpishCat/Admin/Orderlists/index.html
ERR: Call to undefined function Admin\Controller\display()

[ 2016-12-13T10:25:09+08:00 ] ::1 /PigpishCat/Admin/Orderlists/index.html
ERR: Call to undefined function Admin\Controller\display()

[ 2016-12-13T10:25:09+08:00 ] ::1 /PigpishCat/Admin/Orderlists/index.html
ERR: Call to undefined function Admin\Controller\display()

[ 2016-12-13T10:25:09+08:00 ] ::1 /PigpishCat/Admin/Orderlists/index.html
ERR: Call to undefined function Admin\Controller\display()

[ 2016-12-13T14:12:18+08:00 ] ::1 /PigpishCat/Admin/OrderForm/index.html
ERR: 1146:Table 'piggishcat.pc_order_form' doesn't exist
 [ SQL语句 ] : SHOW COLUMNS FROM `pc_order_form`

[ 2016-12-13T14:13:29+08:00 ] ::1 /PigpishCat/Admin/OrderForm/index.html
ERR: 1146:Table 'piggishcat.pc_orderform' doesn't exist
 [ SQL语句 ] : SHOW COLUMNS FROM `pc_orderform`

[ 2016-12-13T14:15:58+08:00 ] ::1 /PigpishCat/Admin/OrderForm/index.html
ERR: Think\Model:Orderform方法不存在！

[ 2016-12-13T14:15:59+08:00 ] ::1 /PigpishCat/Admin/OrderForm/index.html
ERR: Think\Model:Orderform方法不存在！

