[ 2016-12-13T09:06:55+08:00 ] ::1 /PigpishCat/Public/Home/images/line.gif
ERR: 无法加载模块:Public

[ 2016-12-13T09:06:57+08:00 ] ::1 /PigpishCat/Login.html
ERR: 无法加载模块:Login

[ 2016-12-13T09:08:05+08:00 ] ::1 /PigpishCat/admin-user.html
ERR: 无法加载模块:Admin-user

[ 2016-12-13T09:16:21+08:00 ] ::1 /PigpishCat/Public/Home/images/line.gif
ERR: 无法加载模块:Public

[ 2016-12-13T09:21:47+08:00 ] ::1 /PigpishCat/admin-user.html
ERR: 无法加载模块:Admin-user

[ 2016-12-13T09:21:52+08:00 ] ::1 /PigpishCat/admin-user.html
ERR: 无法加载模块:Admin-user

[ 2016-12-13T09:25:21+08:00 ] ::1 /PigpishCat/Public/assets/js/jquery.min.map
ERR: 无法加载模块:Public

[ 2016-12-13T09:27:35+08:00 ] ::1 /PigpishCat/Public/image/Blogroll/lashouwang.png
ERR: 无法加载模块:Public

[ 2016-12-13T09:27:35+08:00 ] ::1 /PigpishCat/Public/image/Blogroll/jumeiyoupin.png
ERR: 无法加载模块:Public

[ 2016-12-13T09:27:35+08:00 ] ::1 /PigpishCat/Public/image/Blogroll/qunaer.png
ERR: 无法加载模块:Public

[ 2016-12-13T09:27:57+08:00 ] ::1 /PigpishCat/Public/image/Blogroll/jumeiyoupin.png
ERR: 无法加载模块:Public

[ 2016-12-13T09:27:57+08:00 ] ::1 /PigpishCat/Public/image/Blogroll/qunaer.png
ERR: 无法加载模块:Public

[ 2016-12-13T09:27:57+08:00 ] ::1 /PigpishCat/Public/image/Blogroll/lashouwang.png
ERR: 无法加载模块:Public

[ 2016-12-13T09:28:01+08:00 ] ::1 /PigpishCat/Public/image/Blogroll/qunaer.png
ERR: 无法加载模块:Public

[ 2016-12-13T09:28:01+08:00 ] ::1 /PigpishCat/Public/image/Blogroll/lashouwang.png
ERR: 无法加载模块:Public

[ 2016-12-13T09:28:01+08:00 ] ::1 /PigpishCat/Public/image/Blogroll/jumeiyoupin.png
ERR: 无法加载模块:Public

[ 2016-12-13T09:28:39+08:00 ] ::1 /PigpishCat/Public/image/Blogroll/jumeiyoupin.png
ERR: 无法加载模块:Public

[ 2016-12-13T09:28:39+08:00 ] ::1 /PigpishCat/Public/image/Blogroll/lashouwang.png
ERR: 无法加载模块:Public

[ 2016-12-13T09:28:39+08:00 ] ::1 /PigpishCat/Public/image/Blogroll/qunaer.png
ERR: 无法加载模块:Public

[ 2016-12-13T09:28:39+08:00 ] ::1 /PigpishCat/Public/image/Blogroll/qunaer.png
ERR: 无法加载模块:Public

[ 2016-12-13T09:28:39+08:00 ] ::1 /PigpishCat/Public/image/Blogroll/lashouwang.png
ERR: 无法加载模块:Public

[ 2016-12-13T09:28:39+08:00 ] ::1 /PigpishCat/Public/image/Blogroll/jumeiyoupin.png
ERR: 无法加载模块:Public

[ 2016-12-13T10:23:16+08:00 ] ::1 /PigpishCat/Public/image/Blogroll/jumeiyoupin.png
ERR: 无法加载模块:Public

[ 2016-12-13T10:23:16+08:00 ] ::1 /PigpishCat/Public/image/Blogroll/lashouwang.png
ERR: 无法加载模块:Public

[ 2016-12-13T10:23:16+08:00 ] ::1 /PigpishCat/Public/image/Blogroll/qunaer.png
ERR: 无法加载模块:Public

[ 2016-12-13T10:24:42+08:00 ] ::1 /PigpishCat/admin-help.html
ERR: 无法加载模块:Admin-help

[ 2016-12-13T10:44:59+08:00 ] ::1 /PigpishCat/Public/image/Blogroll/jumeiyoupin.png
ERR: 无法加载模块:Public

[ 2016-12-13T10:44:59+08:00 ] ::1 /PigpishCat/Public/image/Blogroll/lashouwang.png
ERR: 无法加载模块:Public

[ 2016-12-13T10:44:59+08:00 ] ::1 /PigpishCat/Public/image/Blogroll/qunaer.png
ERR: 无法加载模块:Public

[ 2016-12-13T11:45:08+08:00 ] ::1 /PigpishCat/admin-user.html
ERR: 无法加载模块:Admin-user

[ 2016-12-13T15:58:05+08:00 ] ::1 /PigpishCat/Public/Home/images/line.gif
ERR: 无法加载模块:Public

