[ 2017-01-15T13:58:54+08:00 ] ::1 /PigpishCat/Public/image/Advpicture/homeAdv_586a5e79a0a2f.jpg
ERR: 无法加载模块:Public

[ 2017-01-15T13:58:54+08:00 ] ::1 /PigpishCat/Public/image/Advpicture/homeAdv_586a5e4ae5cef.jpg
ERR: 无法加载模块:Public

[ 2017-01-15T13:58:54+08:00 ] ::1 /PigpishCat/Public/image/Advpicture/homeAdv_586a5e385c191.jpg
ERR: 无法加载模块:Public

[ 2017-01-15T13:58:54+08:00 ] ::1 /PigpishCat/Public/image/Advpicture/homeAdv_586a5e28cc6e0.jpg
ERR: 无法加载模块:Public

[ 2017-01-15T13:58:54+08:00 ] ::1 /PigpishCat/Public/image/Advpicture/homeAdv_586a5e119e352.jpg
ERR: 无法加载模块:Public

[ 2017-01-15T13:58:54+08:00 ] ::1 /PigpishCat/Public/image/goods/586a835e776dc.jpg
ERR: 无法加载模块:Public

[ 2017-01-15T13:58:54+08:00 ] ::1 /PigpishCat/Public/image/goods/586a2f3bef130.jpg
ERR: 无法加载模块:Public

[ 2017-01-15T13:58:54+08:00 ] ::1 /PigpishCat/Public/image/goods/586a33094ddc8.jpg
ERR: 无法加载模块:Public

[ 2017-01-15T13:58:54+08:00 ] ::1 /PigpishCat/Public/image/goods/586a2f68ad4ae.jpg
ERR: 无法加载模块:Public

[ 2017-01-15T13:58:54+08:00 ] ::1 /PigpishCat/Public/image/goods/586a2fce0b222.jpg
ERR: 无法加载模块:Public

[ 2017-01-15T13:58:54+08:00 ] ::1 /PigpishCat/Public/image/goods/586a2edbc6ab3.jpg
ERR: 无法加载模块:Public

[ 2017-01-15T13:58:54+08:00 ] ::1 /PigpishCat/Public/image/goods/586a32dbd5750.jpg
ERR: 无法加载模块:Public

[ 2017-01-15T13:58:54+08:00 ] ::1 /PigpishCat/Public/image/goods/586a2fecd865e.jpg
ERR: 无法加载模块:Public

[ 2017-01-15T13:58:54+08:00 ] ::1 /PigpishCat/Public/image/goods/586a832a71934.jpg
ERR: 无法加载模块:Public

[ 2017-01-15T13:58:54+08:00 ] ::1 /PigpishCat/Public/image/goods/586a83aed5d02.jpg
ERR: 无法加载模块:Public

[ 2017-01-15T13:58:54+08:00 ] ::1 /PigpishCat/Public/image/goods/586a8407c4fd0.jpg
ERR: 无法加载模块:Public

[ 2017-01-15T13:58:54+08:00 ] ::1 /PigpishCat/Public/image/goods/586a845471d49.jpg
ERR: 无法加载模块:Public

[ 2017-01-15T13:58:54+08:00 ] ::1 /PigpishCat/Public/image/Advpicture/homeAdv_586a5e79a0a2f.jpg
ERR: 无法加载模块:Public

[ 2017-01-15T13:58:54+08:00 ] ::1 /PigpishCat/Public/image/goods/details_586a8407c4fd0.jpg
ERR: 无法加载模块:Public

[ 2017-01-15T13:58:54+08:00 ] ::1 /PigpishCat/Public/image/goods/details_586a2edbc6ab3.jpg
ERR: 无法加载模块:Public

[ 2017-01-15T13:58:54+08:00 ] ::1 /PigpishCat/Public/image/Advpicture/homeAdv_586a5e4ae5cef.jpg
ERR: 无法加载模块:Public

[ 2017-01-15T13:58:54+08:00 ] ::1 /PigpishCat/Public/image/goods/details_586a2f3bef130.jpg
ERR: 无法加载模块:Public

[ 2017-01-15T13:58:54+08:00 ] ::1 /PigpishCat/Public/image/goods/details_586a845471d49.jpg
ERR: 无法加载模块:Public

[ 2017-01-15T13:58:54+08:00 ] ::1 /PigpishCat/Public/image/goods/details_
ERR: 无法加载模块:Public

[ 2017-01-15T13:58:54+08:00 ] ::1 /PigpishCat/Public/image/goods/details_586a33094ddc8.jpg
ERR: 无法加载模块:Public

[ 2017-01-15T13:58:54+08:00 ] ::1 /PigpishCat/Public/image/goods/details_586a2f68ad4ae.jpg
ERR: 无法加载模块:Public

[ 2017-01-15T13:58:54+08:00 ] ::1 /PigpishCat/Public/image/goods/details_586a2fce0b222.jpg
ERR: 无法加载模块:Public

[ 2017-01-15T13:58:54+08:00 ] ::1 /PigpishCat/Public/image/goods/details_586a32dbd5750.jpg
ERR: 无法加载模块:Public

[ 2017-01-15T13:58:54+08:00 ] ::1 /PigpishCat/Public/image/Advertising/banner_586a6f6b42aa8.jpg
ERR: 无法加载模块:Public

[ 2017-01-15T13:58:54+08:00 ] ::1 /PigpishCat/Public/image/goods/home_586a832a71934.jpg
ERR: 无法加载模块:Public

[ 2017-01-15T13:58:54+08:00 ] ::1 /PigpishCat/Public/image/goods/home_586a2fecd865e.jpg
ERR: 无法加载模块:Public

[ 2017-01-15T13:58:54+08:00 ] ::1 /PigpishCat/Public/image/goods/home_586a83aed5d02.jpg
ERR: 无法加载模块:Public

[ 2017-01-15T13:58:54+08:00 ] ::1 /PigpishCat/Public/image/goods/home_586a8407c4fd0.jpg
ERR: 无法加载模块:Public

[ 2017-01-15T13:58:54+08:00 ] ::1 /PigpishCat/Public/image/goods/home_586a845471d49.jpg
ERR: 无法加载模块:Public

[ 2017-01-15T13:58:54+08:00 ] ::1 /PigpishCat/Public/image/goods/home_
ERR: 无法加载模块:Public

[ 2017-01-15T13:58:55+08:00 ] ::1 /PigpishCat/Public/image/goods/details_586a83aed5d02.jpg
ERR: 无法加载模块:Public

[ 2017-01-15T13:58:55+08:00 ] ::1 /PigpishCat/Public/image/goods/home_586a2fce0b222.jpg
ERR: 无法加载模块:Public

[ 2017-01-15T13:58:55+08:00 ] ::1 /PigpishCat/Public/image/goods/home_586a2edbc6ab3.jpg
ERR: 无法加载模块:Public

[ 2017-01-15T13:58:55+08:00 ] ::1 /PigpishCat/Public/image/goods/home_586a32dbd5750.jpg
ERR: 无法加载模块:Public

[ 2017-01-15T13:58:55+08:00 ] ::1 /PigpishCat/Public/image/goods/home_586a2f3bef130.jpg
ERR: 无法加载模块:Public

[ 2017-01-15T13:58:55+08:00 ] ::1 /PigpishCat/Public/image/goods/home_586a33094ddc8.jpg
ERR: 无法加载模块:Public

[ 2017-01-15T13:58:55+08:00 ] ::1 /PigpishCat/Public/image/goods/home_586a2f68ad4ae.jpg
ERR: 无法加载模块:Public

[ 2017-01-15T13:58:55+08:00 ] ::1 /PigpishCat/Public/image/Advertising/banner_
ERR: 无法加载模块:Public

[ 2017-01-15T13:58:55+08:00 ] ::1 /PigpishCat/Public/image/Blogroll/586afec4a260e.jpg
ERR: 无法加载模块:Public

[ 2017-01-15T13:58:55+08:00 ] ::1 /PigpishCat/Public/image/Advpicture/homeAdv_586a5e385c191.jpg
ERR: 无法加载模块:Public

[ 2017-01-15T13:58:55+08:00 ] ::1 /PigpishCat/Public/image/Advpicture/homeAdv_586a5e28cc6e0.jpg
ERR: 无法加载模块:Public

[ 2017-01-15T13:58:55+08:00 ] ::1 /PigpishCat/Public/image/goods/586a835e776dc.jpg
ERR: 无法加载模块:Public

[ 2017-01-15T13:58:55+08:00 ] ::1 /PigpishCat/Public/Home/images/line.gif
ERR: 无法加载模块:Public

[ 2017-01-15T13:58:55+08:00 ] ::1 /PigpishCat/Public/image/goods/586a33094ddc8.jpg
ERR: 无法加载模块:Public

[ 2017-01-15T13:58:55+08:00 ] ::1 /PigpishCat/Public/image/goods/586a832a71934.jpg
ERR: 无法加载模块:Public

[ 2017-01-15T13:58:55+08:00 ] ::1 /PigpishCat/Public/image/goods/586a2f3bef130.jpg
ERR: 无法加载模块:Public

[ 2017-01-15T13:58:55+08:00 ] ::1 /PigpishCat/Public/image/goods/586a83aed5d02.jpg
ERR: 无法加载模块:Public

[ 2017-01-15T13:58:55+08:00 ] ::1 /PigpishCat/Public/image/goods/586a2f68ad4ae.jpg
ERR: 无法加载模块:Public

[ 2017-01-15T13:58:55+08:00 ] ::1 /PigpishCat/Public/image/goods/586a2fce0b222.jpg
ERR: 无法加载模块:Public

[ 2017-01-15T14:28:15+08:00 ] ::1 /PigpishCat/Public/image/Advpicture/homeAdv_586a5e79a0a2f.jpg
ERR: 无法加载模块:Public

[ 2017-01-15T14:28:15+08:00 ] ::1 /PigpishCat/Public/image/Advpicture/homeAdv_586a5e4ae5cef.jpg
ERR: 无法加载模块:Public

[ 2017-01-15T14:28:15+08:00 ] ::1 /PigpishCat/Public/image/Advpicture/homeAdv_586a5e28cc6e0.jpg
ERR: 无法加载模块:Public

[ 2017-01-15T14:28:15+08:00 ] ::1 /PigpishCat/Public/image/Advpicture/homeAdv_586a5e385c191.jpg
ERR: 无法加载模块:Public

[ 2017-01-15T14:28:15+08:00 ] ::1 /PigpishCat/Public/image/Advpicture/homeAdv_586a5e119e352.jpg
ERR: 无法加载模块:Public

[ 2017-01-15T14:28:15+08:00 ] ::1 /PigpishCat/Public/image/goods/586a2f3bef130.jpg
ERR: 无法加载模块:Public

[ 2017-01-15T14:28:15+08:00 ] ::1 /PigpishCat/Public/image/goods/586a835e776dc.jpg
ERR: 无法加载模块:Public

[ 2017-01-15T14:28:15+08:00 ] ::1 /PigpishCat/Public/image/goods/586a33094ddc8.jpg
ERR: 无法加载模块:Public

[ 2017-01-15T14:28:15+08:00 ] ::1 /PigpishCat/Public/image/goods/586a2fce0b222.jpg
ERR: 无法加载模块:Public

[ 2017-01-15T14:28:15+08:00 ] ::1 /PigpishCat/Public/image/goods/586a2f68ad4ae.jpg
ERR: 无法加载模块:Public

[ 2017-01-15T14:28:15+08:00 ] ::1 /PigpishCat/Public/image/goods/586a32dbd5750.jpg
ERR: 无法加载模块:Public

[ 2017-01-15T14:28:15+08:00 ] ::1 /PigpishCat/Public/image/goods/586a2fecd865e.jpg
ERR: 无法加载模块:Public

[ 2017-01-15T14:28:15+08:00 ] ::1 /PigpishCat/Public/image/goods/586a2edbc6ab3.jpg
ERR: 无法加载模块:Public

[ 2017-01-15T14:28:15+08:00 ] ::1 /PigpishCat/Public/image/goods/586a832a71934.jpg
ERR: 无法加载模块:Public

[ 2017-01-15T14:28:15+08:00 ] ::1 /PigpishCat/Public/image/goods/586a83aed5d02.jpg
ERR: 无法加载模块:Public

[ 2017-01-15T14:28:15+08:00 ] ::1 /PigpishCat/Public/image/goods/586a8407c4fd0.jpg
ERR: 无法加载模块:Public

[ 2017-01-15T14:28:15+08:00 ] ::1 /PigpishCat/Public/image/goods/details_586a2f3bef130.jpg
ERR: 无法加载模块:Public

[ 2017-01-15T14:28:15+08:00 ] ::1 /PigpishCat/Public/image/goods/details_586a845471d49.jpg
ERR: 无法加载模块:Public

[ 2017-01-15T14:28:15+08:00 ] ::1 /PigpishCat/Public/image/goods/details_586a8407c4fd0.jpg
ERR: 无法加载模块:Public

[ 2017-01-15T14:28:15+08:00 ] ::1 /PigpishCat/Public/image/goods/details_586a32dbd5750.jpg
ERR: 无法加载模块:Public

[ 2017-01-15T14:28:15+08:00 ] ::1 /PigpishCat/Public/image/goods/details_
ERR: 无法加载模块:Public

[ 2017-01-15T14:28:15+08:00 ] ::1 /PigpishCat/Public/image/goods/details_586a832a71934.jpg
ERR: 无法加载模块:Public

[ 2017-01-15T14:28:15+08:00 ] ::1 /PigpishCat/Public/image/goods/details_586a2fecd865e.jpg
ERR: 无法加载模块:Public

[ 2017-01-15T14:28:15+08:00 ] ::1 /PigpishCat/Public/image/Advertising/banner_586a6f6b42aa8.jpg
ERR: 无法加载模块:Public

[ 2017-01-15T14:28:15+08:00 ] ::1 /PigpishCat/Public/image/goods/details_586a83aed5d02.jpg
ERR: 无法加载模块:Public

[ 2017-01-15T14:28:15+08:00 ] ::1 /PigpishCat/Public/image/goods/home_586a2f3bef130.jpg
ERR: 无法加载模块:Public

[ 2017-01-15T14:28:15+08:00 ] ::1 /PigpishCat/Public/image/goods/home_586a33094ddc8.jpg
ERR: 无法加载模块:Public

[ 2017-01-15T14:28:16+08:00 ] ::1 /PigpishCat/Public/image/goods/home_586a2f68ad4ae.jpg
ERR: 无法加载模块:Public

[ 2017-01-15T14:28:16+08:00 ] ::1 /PigpishCat/Public/image/goods/home_586a2edbc6ab3.jpg
ERR: 无法加载模块:Public

[ 2017-01-15T14:28:16+08:00 ] ::1 /PigpishCat/Public/image/goods/home_586a2fce0b222.jpg
ERR: 无法加载模块:Public

[ 2017-01-15T14:28:16+08:00 ] ::1 /PigpishCat/Public/image/goods/home_586a32dbd5750.jpg
ERR: 无法加载模块:Public

[ 2017-01-15T14:28:16+08:00 ] ::1 /PigpishCat/Public/image/goods/home_
ERR: 无法加载模块:Public

[ 2017-01-15T14:28:16+08:00 ] ::1 /PigpishCat/Public/image/goods/details_586a2f68ad4ae.jpg
ERR: 无法加载模块:Public

[ 2017-01-15T14:28:16+08:00 ] ::1 /PigpishCat/Public/image/goods/home_586a2fecd865e.jpg
ERR: 无法加载模块:Public

[ 2017-01-15T14:28:16+08:00 ] ::1 /PigpishCat/Public/image/goods/home_586a832a71934.jpg
ERR: 无法加载模块:Public

[ 2017-01-15T14:28:16+08:00 ] ::1 /PigpishCat/Public/image/Advertising/banner_
ERR: 无法加载模块:Public

[ 2017-01-15T14:28:16+08:00 ] ::1 /PigpishCat/Public/image/goods/home_586a83aed5d02.jpg
ERR: 无法加载模块:Public

[ 2017-01-15T14:28:16+08:00 ] ::1 /PigpishCat/Public/image/goods/home_586a8407c4fd0.jpg
ERR: 无法加载模块:Public

[ 2017-01-15T14:28:16+08:00 ] ::1 /PigpishCat/Public/image/Blogroll/586afec4a260e.jpg
ERR: 无法加载模块:Public

[ 2017-01-15T14:28:16+08:00 ] ::1 /PigpishCat/Public/image/goods/home_586a845471d49.jpg
ERR: 无法加载模块:Public

[ 2017-01-15T14:28:16+08:00 ] ::1 /PigpishCat/Public/image/Advpicture/homeAdv_586a5e79a0a2f.jpg
ERR: 无法加载模块:Public

[ 2017-01-15T14:28:16+08:00 ] ::1 /PigpishCat/Public/Home/images/line.gif
ERR: 无法加载模块:Public

[ 2017-01-15T14:28:16+08:00 ] ::1 /PigpishCat/Public/image/goods/586a2f3bef130.jpg
ERR: 无法加载模块:Public

[ 2017-01-15T14:28:16+08:00 ] ::1 /PigpishCat/Public/image/goods/586a8407c4fd0.jpg
ERR: 无法加载模块:Public

[ 2017-01-15T14:28:16+08:00 ] ::1 /PigpishCat/Public/image/goods/586a835e776dc.jpg
ERR: 无法加载模块:Public

[ 2017-01-15T14:28:16+08:00 ] ::1 /PigpishCat/Public/image/goods/586a845471d49.jpg
ERR: 无法加载模块:Public

[ 2017-01-15T14:28:16+08:00 ] ::1 /PigpishCat/Public/image/goods/586a83aed5d02.jpg
ERR: 无法加载模块:Public

[ 2017-01-15T14:28:16+08:00 ] ::1 /PigpishCat/Public/image/goods/586a33094ddc8.jpg
ERR: 无法加载模块:Public

[ 2017-01-15T14:28:16+08:00 ] ::1 /PigpishCat/Public/image/goods/586a832a71934.jpg
ERR: 无法加载模块:Public

[ 2017-01-15T14:28:16+08:00 ] ::1 /PigpishCat/Public/image/goods/586a2fce0b222.jpg
ERR: 无法加载模块:Public

[ 2017-01-15T14:28:16+08:00 ] ::1 /PigpishCat/Public/image/goods/586a2f68ad4ae.jpg
ERR: 无法加载模块:Public

[ 2017-01-15T16:35:54+08:00 ] ::1 /PigpishCat/Public/image/Advpicture/homeAdv_586a5e79a0a2f.jpg
ERR: 无法加载模块:Public

[ 2017-01-15T16:35:54+08:00 ] ::1 /PigpishCat/Public/image/Advpicture/homeAdv_586a5e28cc6e0.jpg
ERR: 无法加载模块:Public

[ 2017-01-15T16:35:54+08:00 ] ::1 /PigpishCat/Public/image/Advpicture/homeAdv_586a5e385c191.jpg
ERR: 无法加载模块:Public

[ 2017-01-15T16:35:54+08:00 ] ::1 /PigpishCat/Public/image/goods/586a2f3bef130.jpg
ERR: 无法加载模块:Public

[ 2017-01-15T16:35:54+08:00 ] ::1 /PigpishCat/Public/image/goods/586a835e776dc.jpg
ERR: 无法加载模块:Public

[ 2017-01-15T16:35:54+08:00 ] ::1 /PigpishCat/Public/image/goods/586a2f68ad4ae.jpg
ERR: 无法加载模块:Public

[ 2017-01-15T16:35:54+08:00 ] ::1 /PigpishCat/Public/image/goods/586a2edbc6ab3.jpg
ERR: 无法加载模块:Public

[ 2017-01-15T16:35:54+08:00 ] ::1 /PigpishCat/Public/image/goods/586a33094ddc8.jpg
ERR: 无法加载模块:Public

[ 2017-01-15T16:35:54+08:00 ] ::1 /PigpishCat/Public/image/goods/586a2fce0b222.jpg
ERR: 无法加载模块:Public

[ 2017-01-15T16:35:54+08:00 ] ::1 /PigpishCat/Public/image/goods/586a32dbd5750.jpg
ERR: 无法加载模块:Public

[ 2017-01-15T16:35:54+08:00 ] ::1 /PigpishCat/Public/image/goods/586a2fecd865e.jpg
ERR: 无法加载模块:Public

[ 2017-01-15T16:35:54+08:00 ] ::1 /PigpishCat/Public/image/goods/details_586a33094ddc8.jpg
ERR: 无法加载模块:Public

[ 2017-01-15T16:35:54+08:00 ] ::1 /PigpishCat/Public/image/goods/586a832a71934.jpg
ERR: 无法加载模块:Public

[ 2017-01-15T16:35:54+08:00 ] ::1 /PigpishCat/Public/image/goods/586a845471d49.jpg
ERR: 无法加载模块:Public

[ 2017-01-15T16:35:54+08:00 ] ::1 /PigpishCat/Public/image/goods/details_586a2f68ad4ae.jpg
ERR: 无法加载模块:Public

[ 2017-01-15T16:35:54+08:00 ] ::1 /PigpishCat/Public/image/goods/details_586a2fce0b222.jpg
ERR: 无法加载模块:Public

[ 2017-01-15T16:35:54+08:00 ] ::1 /PigpishCat/Public/Home/images/line.gif
ERR: 无法加载模块:Public

[ 2017-01-15T16:35:54+08:00 ] ::1 /PigpishCat/Public/image/goods/details_586a32dbd5750.jpg
ERR: 无法加载模块:Public

[ 2017-01-15T16:35:54+08:00 ] ::1 /PigpishCat/Public/image/goods/details_586a83aed5d02.jpg
ERR: 无法加载模块:Public

[ 2017-01-15T16:35:54+08:00 ] ::1 /PigpishCat/Public/image/Advertising/banner_586a6f6b42aa8.jpg
ERR: 无法加载模块:Public

[ 2017-01-15T16:35:54+08:00 ] ::1 /PigpishCat/Public/image/goods/home_586a2fce0b222.jpg
ERR: 无法加载模块:Public

[ 2017-01-15T16:35:54+08:00 ] ::1 /PigpishCat/Public/image/goods/home_586a2edbc6ab3.jpg
ERR: 无法加载模块:Public

[ 2017-01-15T16:35:54+08:00 ] ::1 /PigpishCat/Public/image/goods/home_586a32dbd5750.jpg
ERR: 无法加载模块:Public

[ 2017-01-15T16:35:54+08:00 ] ::1 /PigpishCat/Public/image/goods/details_586a8407c4fd0.jpg
ERR: 无法加载模块:Public

[ 2017-01-15T16:35:54+08:00 ] ::1 /PigpishCat/Public/image/goods/home_586a2fecd865e.jpg
ERR: 无法加载模块:Public

[ 2017-01-15T16:35:54+08:00 ] ::1 /PigpishCat/Public/image/goods/details_586a2edbc6ab3.jpg
ERR: 无法加载模块:Public

[ 2017-01-15T16:35:54+08:00 ] ::1 /PigpishCat/Public/image/goods/home_586a832a71934.jpg
ERR: 无法加载模块:Public

[ 2017-01-15T16:35:54+08:00 ] ::1 /PigpishCat/Public/image/goods/details_
ERR: 无法加载模块:Public

[ 2017-01-15T16:35:54+08:00 ] ::1 /PigpishCat/Public/image/goods/home_
ERR: 无法加载模块:Public

[ 2017-01-15T16:35:54+08:00 ] ::1 /PigpishCat/Public/image/goods/details_586a2fecd865e.jpg
ERR: 无法加载模块:Public

[ 2017-01-15T16:35:54+08:00 ] ::1 /PigpishCat/Public/image/goods/home_586a83aed5d02.jpg
ERR: 无法加载模块:Public

[ 2017-01-15T16:35:54+08:00 ] ::1 /PigpishCat/Public/image/goods/home_586a8407c4fd0.jpg
ERR: 无法加载模块:Public

[ 2017-01-15T16:35:54+08:00 ] ::1 /PigpishCat/Public/image/goods/home_586a845471d49.jpg
ERR: 无法加载模块:Public

[ 2017-01-15T16:35:54+08:00 ] ::1 /PigpishCat/Public/image/Blogroll/586afec4a260e.jpg
ERR: 无法加载模块:Public

[ 2017-01-15T16:35:54+08:00 ] ::1 /PigpishCat/Public/image/goods/586a83aed5d02.jpg
ERR: 无法加载模块:Public

[ 2017-01-15T16:35:54+08:00 ] ::1 /PigpishCat/Public/image/goods/details_586a2f3bef130.jpg
ERR: 无法加载模块:Public

[ 2017-01-15T16:35:54+08:00 ] ::1 /PigpishCat/Public/image/goods/586a8407c4fd0.jpg
ERR: 无法加载模块:Public

[ 2017-01-15T16:35:55+08:00 ] ::1 /PigpishCat/Public/image/Advpicture/homeAdv_586a5e4ae5cef.jpg
ERR: 无法加载模块:Public

[ 2017-01-15T16:35:55+08:00 ] ::1 /PigpishCat/Public/image/Advpicture/homeAdv_586a5e119e352.jpg
ERR: 无法加载模块:Public

[ 2017-01-15T16:35:55+08:00 ] ::1 /PigpishCat/Public/image/Advertising/banner_
ERR: 无法加载模块:Public

